Command line invocation:
    /Applications/Xcode.app/Contents/Developer/usr/bin/xcodebuild -scheme mjvoice -configuration Release build -derivedDataPath build/DerivedData

Resolve Package Graph


Resolved source packages:
  swift-transformers: https://github.com/huggingface/swift-transformers.git @ 0.1.15
  swift-collections: https://github.com/apple/swift-collections.git @ 1.3.0
  swift-argument-parser: https://github.com/apple/swift-argument-parser.git @ 1.6.1
  Jinja: https://github.com/johnmai-dev/Jinja @ 1.3.0
  whisperkit: https://github.com/argmaxinc/WhisperKit.git @ 0.14.0

ComputePackagePrebuildTargetDependencyGraph

Prepare packages

CreateBuildRequest

SendProjectDescription

CreateBuildOperation

ComputeTargetDependencyGraph
note: Building targets in dependency order
note: Target dependency graph (15 targets)
    Target 'mjvoice' in project 'mjvoice'
        ➜ Explicit dependency on target 'WhisperKit' in project 'whisperkit'
    Target 'WhisperKit' in project 'whisperkit'
        ➜ Explicit dependency on target 'WhisperKit' in project 'whisperkit'
        ➜ Explicit dependency on target 'Transformers' in project 'swift-transformers'
    Target 'WhisperKit' in project 'whisperkit'
        ➜ Explicit dependency on target 'Transformers' in project 'swift-transformers'
    Target 'Transformers' in project 'swift-transformers'
        ➜ Explicit dependency on target 'Tokenizers' in project 'swift-transformers'
        ➜ Explicit dependency on target 'Generation' in project 'swift-transformers'
        ➜ Explicit dependency on target 'Models' in project 'swift-transformers'
        ➜ Explicit dependency on target 'Hub' in project 'swift-transformers'
        ➜ Explicit dependency on target 'TensorUtils' in project 'swift-transformers'
        ➜ Explicit dependency on target 'Jinja' in project 'Jinja'
    Target 'Models' in project 'swift-transformers'
        ➜ Explicit dependency on target 'Hub' in project 'swift-transformers'
        ➜ Explicit dependency on target 'Tokenizers' in project 'swift-transformers'
        ➜ Explicit dependency on target 'TensorUtils' in project 'swift-transformers'
        ➜ Explicit dependency on target 'Generation' in project 'swift-transformers'
        ➜ Explicit dependency on target 'Jinja' in project 'Jinja'
    Target 'Generation' in project 'swift-transformers'
        ➜ Explicit dependency on target 'Hub' in project 'swift-transformers'
        ➜ Explicit dependency on target 'Tokenizers' in project 'swift-transformers'
        ➜ Explicit dependency on target 'TensorUtils' in project 'swift-transformers'
        ➜ Explicit dependency on target 'Jinja' in project 'Jinja'
    Target 'TensorUtils' in project 'swift-transformers' (no dependencies)
    Target 'Tokenizers' in project 'swift-transformers'
        ➜ Explicit dependency on target 'Hub' in project 'swift-transformers'
        ➜ Explicit dependency on target 'Jinja' in project 'Jinja'
    Target 'Jinja' in project 'Jinja'
        ➜ Explicit dependency on target 'Jinja' in project 'Jinja'
        ➜ Explicit dependency on target 'OrderedCollections' in project 'swift-collections'
    Target 'Jinja' in project 'Jinja'
        ➜ Explicit dependency on target 'OrderedCollections' in project 'swift-collections'
    Target 'OrderedCollections' in project 'swift-collections'
        ➜ Explicit dependency on target 'OrderedCollections' in project 'swift-collections'
        ➜ Explicit dependency on target 'InternalCollectionsUtilities' in project 'swift-collections'
    Target 'OrderedCollections' in project 'swift-collections'
        ➜ Explicit dependency on target 'InternalCollectionsUtilities' in project 'swift-collections'
    Target 'InternalCollectionsUtilities' in project 'swift-collections' (no dependencies)
    Target 'Hub' in project 'swift-transformers'
        ➜ Explicit dependency on target 'swift-transformers_Hub' in project 'swift-transformers'
    Target 'swift-transformers_Hub' in project 'swift-transformers' (no dependencies)

GatherProvisioningInputs

CreateBuildDescription

ExecuteExternalTool /Applications/Xcode.app/Contents/Developer/Toolchains/XcodeDefault.xctoolchain/usr/bin/swiftc --version

ExecuteExternalTool /Applications/Xcode.app/Contents/Developer/Toolchains/XcodeDefault.xctoolchain/usr/bin/clang -v -E -dM -isysroot /Applications/Xcode.app/Contents/Developer/Platforms/MacOSX.platform/Developer/SDKs/MacOSX26.0.sdk -x c -c /dev/null

ExecuteExternalTool /Applications/Xcode.app/Contents/Developer/usr/bin/actool --version --output-format xml1

ExecuteExternalTool /Applications/Xcode.app/Contents/Developer/Toolchains/XcodeDefault.xctoolchain/usr/bin/ld -version_details

ReadFileContents /Applications/Xcode.app/Contents/Developer/Toolchains/XcodeDefault.xctoolchain/usr/share/docc/features.json

Build description signature: 88a947ba600e063c3706183b19192d30
Build description path: /Users/mujeb/mjvoice/build/DerivedData/Build/Intermediates.noindex/XCBuildData/88a947ba600e063c3706183b19192d30.xcbuilddata
ClangStatCache /Applications/Xcode.app/Contents/Developer/Toolchains/XcodeDefault.xctoolchain/usr/bin/clang-stat-cache /Applications/Xcode.app/Contents/Developer/Platforms/MacOSX.platform/Developer/SDKs/MacOSX26.0.sdk /Users/mujeb/mjvoice/build/DerivedData/SDKStatCaches.noindex/macosx26.0-25A352-28806144b0707e398aac92880fa50324.sdkstatcache
    cd /Users/mujeb/mjvoice/mjvoice.xcodeproj
    /Applications/Xcode.app/Contents/Developer/Toolchains/XcodeDefault.xctoolchain/usr/bin/clang-stat-cache /Applications/Xcode.app/Contents/Developer/Platforms/MacOSX.platform/Developer/SDKs/MacOSX26.0.sdk -o /Users/mujeb/mjvoice/build/DerivedData/SDKStatCaches.noindex/macosx26.0-25A352-28806144b0707e398aac92880fa50324.sdkstatcache

ProcessProductPackaging /Users/mujeb/mjvoice/mjvoice/mjvoice.entitlements /Users/mujeb/mjvoice/build/DerivedData/Build/Intermediates.noindex/mjvoice.build/Release/mjvoice.build/mjvoice.app.xcent (in target 'mjvoice' from project 'mjvoice')
    cd /Users/mujeb/mjvoice
    
    Entitlements:
    
    {
    "com.apple.security.app-sandbox" = 1;
    "com.apple.security.automation.apple-events" = 1;
    "com.apple.security.device.audio-input" = 1;
    "com.apple.security.get-task-allow" = 1;
}
    
    builtin-productPackagingUtility /Users/mujeb/mjvoice/mjvoice/mjvoice.entitlements -entitlements -format xml -o /Users/mujeb/mjvoice/build/DerivedData/Build/Intermediates.noindex/mjvoice.build/Release/mjvoice.build/mjvoice.app.xcent

ProcessProductPackagingDER /Users/mujeb/mjvoice/build/DerivedData/Build/Intermediates.noindex/mjvoice.build/Release/mjvoice.build/mjvoice.app.xcent /Users/mujeb/mjvoice/build/DerivedData/Build/Intermediates.noindex/mjvoice.build/Release/mjvoice.build/mjvoice.app.xcent.der (in target 'mjvoice' from project 'mjvoice')
    cd /Users/mujeb/mjvoice
    /usr/bin/derq query -f xml -i /Users/mujeb/mjvoice/build/DerivedData/Build/Intermediates.noindex/mjvoice.build/Release/mjvoice.build/mjvoice.app.xcent -o /Users/mujeb/mjvoice/build/DerivedData/Build/Intermediates.noindex/mjvoice.build/Release/mjvoice.build/mjvoice.app.xcent.der --raw

GenerateAssetSymbols /Users/mujeb/mjvoice/Shared/Assets.xcassets (in target 'mjvoice' from project 'mjvoice')
    cd /Users/mujeb/mjvoice
    /Applications/Xcode.app/Contents/Developer/usr/bin/actool /Users/mujeb/mjvoice/Shared/Assets.xcassets --compile /Users/mujeb/mjvoice/build/DerivedData/Build/Products/Release/mjvoice.app/Contents/Resources --output-format human-readable-text --notices --warnings --export-dependency-info /Users/mujeb/mjvoice/build/DerivedData/Build/Intermediates.noindex/mjvoice.build/Release/mjvoice.build/assetcatalog_dependencies --output-partial-info-plist /Users/mujeb/mjvoice/build/DerivedData/Build/Intermediates.noindex/mjvoice.build/Release/mjvoice.build/assetcatalog_generated_info.plist --app-icon AppIcon --enable-on-demand-resources NO --development-region en --target-device mac --minimum-deployment-target 13.0 --platform macosx --bundle-identifier com.mujeb.mjvoice --generate-swift-asset-symbol-extensions NO --generate-swift-asset-symbols /Users/mujeb/mjvoice/build/DerivedData/Build/Intermediates.noindex/mjvoice.build/Release/mjvoice.build/DerivedSources/GeneratedAssetSymbols.swift --generate-objc-asset-symbols /Users/mujeb/mjvoice/build/DerivedData/Build/Intermediates.noindex/mjvoice.build/Release/mjvoice.build/DerivedSources/GeneratedAssetSymbols.h --generate-asset-symbol-index /Users/mujeb/mjvoice/build/DerivedData/Build/Intermediates.noindex/mjvoice.build/Release/mjvoice.build/DerivedSources/GeneratedAssetSymbols-Index.plist
/* com.apple.actool.compilation-results */
/Users/mujeb/mjvoice/build/DerivedData/Build/Intermediates.noindex/mjvoice.build/Release/mjvoice.build/DerivedSources/GeneratedAssetSymbols-Index.plist
/Users/mujeb/mjvoice/build/DerivedData/Build/Intermediates.noindex/mjvoice.build/Release/mjvoice.build/DerivedSources/GeneratedAssetSymbols.h
/Users/mujeb/mjvoice/build/DerivedData/Build/Intermediates.noindex/mjvoice.build/Release/mjvoice.build/DerivedSources/GeneratedAssetSymbols.swift


SwiftDriver mjvoice normal arm64 com.apple.xcode.tools.swift.compiler (in target 'mjvoice' from project 'mjvoice')
    cd /Users/mujeb/mjvoice
    builtin-SwiftDriver -- /Applications/Xcode.app/Contents/Developer/Toolchains/XcodeDefault.xctoolchain/usr/bin/swiftc -module-name mjvoice -O -whole-module-optimization -enforce-exclusivity\=checked @/Users/mujeb/mjvoice/build/DerivedData/Build/Intermediates.noindex/mjvoice.build/Release/mjvoice.build/Objects-normal/arm64/mjvoice.SwiftFileList -enable-bare-slash-regex -enable-experimental-feature DebugDescriptionMacro -sdk /Applications/Xcode.app/Contents/Developer/Platforms/MacOSX.platform/Developer/SDKs/MacOSX26.0.sdk -target arm64-apple-macos13.0 -g -module-cache-path /Users/mujeb/mjvoice/build/DerivedData/ModuleCache.noindex -Xfrontend -serialize-debugging-options -swift-version 5 -I /Users/mujeb/mjvoice/build/DerivedData/Build/Products/Release -F /Users/mujeb/mjvoice/build/DerivedData/Build/Products/Release/PackageFrameworks -F /Users/mujeb/mjvoice/build/DerivedData/Build/Products/Release/PackageFrameworks -F /Users/mujeb/mjvoice/build/DerivedData/Build/Products/Release/PackageFrameworks -F /Users/mujeb/mjvoice/build/DerivedData/Build/Products/Release/PackageFrameworks -F /Users/mujeb/mjvoice/build/DerivedData/Build/Products/Release/PackageFrameworks -F /Users/mujeb/mjvoice/build/DerivedData/Build/Products/Release/PackageFrameworks -F /Users/mujeb/mjvoice/build/DerivedData/Build/Products/Release/PackageFrameworks -F /Users/mujeb/mjvoice/build/DerivedData/Build/Products/Release/PackageFrameworks -F /Users/mujeb/mjvoice/build/DerivedData/Build/Products/Release/PackageFrameworks -F /Users/mujeb/mjvoice/build/DerivedData/Build/Products/Release -c -num-threads 11 -Xcc -ivfsstatcache -Xcc /Users/mujeb/mjvoice/build/DerivedData/SDKStatCaches.noindex/macosx26.0-25A352-28806144b0707e398aac92880fa50324.sdkstatcache -output-file-map /Users/mujeb/mjvoice/build/DerivedData/Build/Intermediates.noindex/mjvoice.build/Release/mjvoice.build/Objects-normal/arm64/mjvoice-OutputFileMap.json -use-frontend-parseable-output -save-temps -no-color-diagnostics -explicit-module-build -module-cache-path /Users/mujeb/mjvoice/build/DerivedData/Build/Intermediates.noindex/SwiftExplicitPrecompiledModules -clang-scanner-module-cache-path /Users/mujeb/mjvoice/build/DerivedData/ModuleCache.noindex -sdk-module-cache-path /Users/mujeb/mjvoice/build/DerivedData/ModuleCache.noindex -serialize-diagnostics -emit-dependencies -emit-module -emit-module-path /Users/mujeb/mjvoice/build/DerivedData/Build/Intermediates.noindex/mjvoice.build/Release/mjvoice.build/Objects-normal/arm64/mjvoice.swiftmodule -validate-clang-modules-once -clang-build-session-file /Users/mujeb/mjvoice/build/DerivedData/ModuleCache.noindex/Session.modulevalidation -Xcc -I/Users/mujeb/mjvoice/build/DerivedData/Build/Intermediates.noindex/mjvoice.build/Release/mjvoice.build/swift-overrides.hmap -emit-const-values -Xfrontend -const-gather-protocols-file -Xfrontend /Users/mujeb/mjvoice/build/DerivedData/Build/Intermediates.noindex/mjvoice.build/Release/mjvoice.build/Objects-normal/arm64/mjvoice_const_extract_protocols.json -Xcc -iquote -Xcc /Users/mujeb/mjvoice/build/DerivedData/Build/Intermediates.noindex/mjvoice.build/Release/mjvoice.build/mjvoice-generated-files.hmap -Xcc -I/Users/mujeb/mjvoice/build/DerivedData/Build/Intermediates.noindex/mjvoice.build/Release/mjvoice.build/mjvoice-own-target-headers.hmap -Xcc -I/Users/mujeb/mjvoice/build/DerivedData/Build/Intermediates.noindex/mjvoice.build/Release/mjvoice.build/mjvoice-all-non-framework-target-headers.hmap -Xcc -ivfsoverlay -Xcc /Users/mujeb/mjvoice/build/DerivedData/Build/Intermediates.noindex/mjvoice.build/Release/mjvoice-9270e2de54147fe13166be52632b563a-VFS/all-product-headers.yaml -Xcc -iquote -Xcc /Users/mujeb/mjvoice/build/DerivedData/Build/Intermediates.noindex/mjvoice.build/Release/mjvoice.build/mjvoice-project-headers.hmap -Xcc -I/Users/mujeb/mjvoice/build/DerivedData/Build/Products/Release/include -Xcc -I/Users/mujeb/mjvoice/build/DerivedData/Build/Intermediates.noindex/mjvoice.build/Release/mjvoice.build/DerivedSources-normal/arm64 -Xcc -I/Users/mujeb/mjvoice/build/DerivedData/Build/Intermediates.noindex/mjvoice.build/Release/mjvoice.build/DerivedSources/arm64 -Xcc -I/Users/mujeb/mjvoice/build/DerivedData/Build/Intermediates.noindex/mjvoice.build/Release/mjvoice.build/DerivedSources -emit-objc-header -emit-objc-header-path /Users/mujeb/mjvoice/build/DerivedData/Build/Intermediates.noindex/mjvoice.build/Release/mjvoice.build/Objects-normal/arm64/mjvoice-Swift.h -working-directory /Users/mujeb/mjvoice -no-emit-module-separately-wmo

SwiftCompile normal arm64 Compiling\ ASRClient.swift,\ ASRServiceProtocol.swift,\ AppDelegate.swift,\ AudioEngine.swift,\ AudioVADServiceProtocol.swift,\ BatteryThermalMonitor.swift,\ GlobalHotkey.swift,\ LLMServiceProtocol.swift,\ Logger.swift,\ MainApp.swift,\ MenuBarController.swift,\ MicHUDView.swift,\ MicHUDWindow.swift,\ NotesWindow.swift,\ OnboardingView.swift,\ PerformanceMetrics.swift,\ Preferences.swift,\ PreferencesView.swift,\ SecureInputMonitor.swift,\ TextFormatter.swift,\ TextInserter.swift,\ VAD.swift,\ XPCConnectionFactory.swift,\ GeneratedAssetSymbols.swift /Users/mujeb/mjvoice/mjvoice/Audio/ASRClient.swift /Users/mujeb/mjvoice/Shared/XPCProtocols/ASRServiceProtocol.swift /Users/mujeb/mjvoice/mjvoice/AppDelegate.swift /Users/mujeb/mjvoice/mjvoice/Audio/AudioEngine.swift /Users/mujeb/mjvoice/Shared/XPCProtocols/AudioVADServiceProtocol.swift /Users/mujeb/mjvoice/Shared/Utilities/BatteryThermalMonitor.swift /Users/mujeb/mjvoice/mjvoice/GlobalHotkey.swift /Users/mujeb/mjvoice/Shared/XPCProtocols/LLMServiceProtocol.swift /Users/mujeb/mjvoice/Shared/Utilities/Logger.swift /Users/mujeb/mjvoice/mjvoice/MainApp.swift /Users/mujeb/mjvoice/mjvoice/MenuBarController.swift /Users/mujeb/mjvoice/mjvoice/HUD/MicHUDView.swift /Users/mujeb/mjvoice/mjvoice/HUD/MicHUDWindow.swift /Users/mujeb/mjvoice/mjvoice/NotesWindow.swift /Users/mujeb/mjvoice/mjvoice/OnboardingView.swift /Users/mujeb/mjvoice/Shared/Utilities/PerformanceMetrics.swift /Users/mujeb/mjvoice/Shared/Models/Preferences.swift /Users/mujeb/mjvoice/mjvoice/PreferencesView.swift /Users/mujeb/mjvoice/mjvoice/Accessibility/SecureInputMonitor.swift /Users/mujeb/mjvoice/Shared/Utilities/TextFormatter.swift /Users/mujeb/mjvoice/mjvoice/Accessibility/TextInserter.swift /Users/mujeb/mjvoice/mjvoice/Audio/VAD.swift /Users/mujeb/mjvoice/Shared/Utilities/XPCConnectionFactory.swift /Users/mujeb/mjvoice/build/DerivedData/Build/Intermediates.noindex/mjvoice.build/Release/mjvoice.build/DerivedSources/GeneratedAssetSymbols.swift /Applications/Xcode.app/Contents/Developer/Toolchains/XcodeDefault.xctoolchain/usr/lib/swift/macosx/prebuilt-modules/26.0/CoreMIDI.swiftmodule/arm64e-apple-macos.swiftmodule /Applications/Xcode.app/Contents/Developer/Toolchains/XcodeDefault.xctoolchain/usr/lib/swift/macosx/prebuilt-modules/26.0/Darwin.swiftmodule/arm64e-apple-macos.swiftmodule /Applications/Xcode.app/Contents/Developer/Toolchains/XcodeDefault.xctoolchain/usr/lib/swift/macosx/prebuilt-modules/26.0/SwiftUI.swiftmodule/arm64e-apple-macos.swiftmodule /Applications/Xcode.app/Contents/Developer/Toolchains/XcodeDefault.xctoolchain/usr/lib/swift/macosx/prebuilt-modules/26.0/Dispatch.swiftmodule/arm64e-apple-macos.swiftmodule /Applications/Xcode.app/Contents/Developer/Toolchains/XcodeDefault.xctoolchain/usr/lib/swift/macosx/prebuilt-modules/26.0/Combine.swiftmodule/arm64e-apple-macos.swiftmodule /Applications/Xcode.app/Contents/Developer/Toolchains/XcodeDefault.xctoolchain/usr/lib/swift/macosx/prebuilt-modules/26.0/Synchronization.swiftmodule/arm64e-apple-macos.swiftmodule /Applications/Xcode.app/Contents/Developer/Toolchains/XcodeDefault.xctoolchain/usr/lib/swift/macosx/prebuilt-modules/26.0/Metal.swiftmodule/arm64e-apple-macos.swiftmodule /Applications/Xcode.app/Contents/Developer/Toolchains/XcodeDefault.xctoolchain/usr/lib/swift/macosx/prebuilt-modules/26.0/CoreText.swiftmodule/arm64e-apple-macos.swiftmodule /Applications/Xcode.app/Contents/Developer/Toolchains/XcodeDefault.xctoolchain/usr/lib/swift/macosx/prebuilt-modules/26.0/_Builtin_float.swiftmodule/arm64e-apple-macos.swiftmodule /Applications/Xcode.app/Contents/Developer/Toolchains/XcodeDefault.xctoolchain/usr/lib/swift/macosx/prebuilt-modules/26.0/CoreTransferable.swiftmodule/arm64e-apple-macos.swiftmodule /Applications/Xcode.app/Contents/Developer/Toolchains/XcodeDefault.xctoolchain/usr/lib/swift/macosx/prebuilt-modules/26.0/AppKit.swiftmodule/arm64e-apple-macos.swiftmodule /Applications/Xcode.app/Contents/Developer/Toolchains/XcodeDefault.xctoolchain/usr/lib/swift/macosx/prebuilt-modules/26.0/CoreVideo.swiftmodule/arm64e-apple-macos.swiftmodule /Applications/Xcode.app/Contents/Developer/Toolchains/XcodeDefault.xctoolchain/usr/lib/swift/macosx/prebuilt-modules/26.0/os.swiftmodule/arm64e-apple-macos.swiftmodule /Applications/Xcode.app/Contents/Developer/Toolchains/XcodeDefault.xctoolchain/usr/lib/swift/macosx/prebuilt-modules/26.0/AVFAudio.swiftmodule/arm64e-apple-macos.swiftmodule /Applications/Xcode.app/Contents/Developer/Toolchains/XcodeDefault.xctoolchain/usr/lib/swift/macosx/prebuilt-modules/26.0/Swift.swiftmodule/arm64e-apple-macos.swiftmodule /Applications/Xcode.app/Contents/Developer/Toolchains/XcodeDefault.xctoolchain/usr/lib/swift/macosx/prebuilt-modules/26.0/ObjectiveC.swiftmodule/arm64e-apple-macos.swiftmodule /Applications/Xcode.app/Contents/Developer/Toolchains/XcodeDefault.xctoolchain/usr/lib/swift/macosx/prebuilt-modules/26.0/Accessibility.swiftmodule/arm64e-apple-macos.swiftmodule /Applications/Xcode.app/Contents/Developer/Toolchains/XcodeDefault.xctoolchain/usr/lib/swift/macosx/prebuilt-modules/26.0/_DarwinFoundation2.swiftmodule/arm64e-apple-macos.swiftmodule /Applications/Xcode.app/Contents/Developer/Toolchains/XcodeDefault.xctoolchain/usr/lib/swift/macosx/prebuilt-modules/26.0/Observation.swiftmodule/arm64e-apple-macos.swiftmodule /Applications/Xcode.app/Contents/Developer/Toolchains/XcodeDefault.xctoolchain/usr/lib/swift/macosx/prebuilt-modules/26.0/CoreData.swiftmodule/arm64e-apple-macos.swiftmodule /Applications/Xcode.app/Contents/Developer/Toolchains/XcodeDefault.xctoolchain/usr/lib/swift/macosx/prebuilt-modules/26.0/IOKit.swiftmodule/arm64e-apple-macos.swiftmodule /Applications/Xcode.app/Contents/Developer/Toolchains/XcodeDefault.xctoolchain/usr/lib/swift/macosx/prebuilt-modules/26.0/CoreMedia.swiftmodule/arm64e-apple-macos.swiftmodule /Applications/Xcode.app/Contents/Developer/Toolchains/XcodeDefault.xctoolchain/usr/lib/swift/macosx/prebuilt-modules/26.0/DeveloperToolsSupport.swiftmodule/arm64e-apple-macos.swiftmodule /Applications/Xcode.app/Contents/Developer/Toolchains/XcodeDefault.xctoolchain/usr/lib/swift/macosx/prebuilt-modules/26.0/_Concurrency.swiftmodule/arm64e-apple-macos.swiftmodule /Applications/Xcode.app/Contents/Developer/Toolchains/XcodeDefault.xctoolchain/usr/lib/swift/macosx/prebuilt-modules/26.0/CoreImage.swiftmodule/arm64e-apple-macos.swiftmodule /Applications/Xcode.app/Contents/Developer/Toolchains/XcodeDefault.xctoolchain/usr/lib/swift/macosx/prebuilt-modules/26.0/Accelerate.swiftmodule/arm64e-apple-macos.swiftmodule /Applications/Xcode.app/Contents/Developer/Toolchains/XcodeDefault.xctoolchain/usr/lib/swift/macosx/prebuilt-modules/26.0/UniformTypeIdentifiers.swiftmodule/arm64e-apple-macos.swiftmodule /Applications/Xcode.app/Contents/Developer/Toolchains/XcodeDefault.xctoolchain/usr/lib/swift/macosx/prebuilt-modules/26.0/CoreGraphics.swiftmodule/arm64e-apple-macos.swiftmodule /Applications/Xcode.app/Contents/Developer/Toolchains/XcodeDefault.xctoolchain/usr/lib/swift/macosx/prebuilt-modules/26.0/AVFoundation.swiftmodule/arm64e-apple-macos.swiftmodule /Applications/Xcode.app/Contents/Developer/Toolchains/XcodeDefault.xctoolchain/usr/lib/swift/macosx/prebuilt-modules/26.0/_DarwinFoundation3.swiftmodule/arm64e-apple-macos.swiftmodule /Applications/Xcode.app/Contents/Developer/Toolchains/XcodeDefault.xctoolchain/usr/lib/swift/macosx/prebuilt-modules/26.0/Symbols.swiftmodule/arm64e-apple-macos.swiftmodule /Applications/Xcode.app/Contents/Developer/Toolchains/XcodeDefault.xctoolchain/usr/lib/swift/macosx/prebuilt-modules/26.0/simd.swiftmodule/arm64e-apple-macos.swiftmodule /Applications/Xcode.app/Contents/Developer/Toolchains/XcodeDefault.xctoolchain/usr/lib/swift/macosx/prebuilt-modules/26.0/AudioToolbox.swiftmodule/arm64e-apple-macos.swiftmodule /Applications/Xcode.app/Contents/Developer/Toolchains/XcodeDefault.xctoolchain/usr/lib/swift/macosx/prebuilt-modules/26.0/XPC.swiftmodule/arm64e-apple-macos.swiftmodule /Applications/Xcode.app/Contents/Developer/Toolchains/XcodeDefault.xctoolchain/usr/lib/swift/macosx/prebuilt-modules/26.0/DataDetection.swiftmodule/arm64e-apple-macos.swiftmodule /Applications/Xcode.app/Contents/Developer/Toolchains/XcodeDefault.xctoolchain/usr/lib/swift/macosx/prebuilt-modules/26.0/Foundation.swiftmodule/arm64e-apple-macos.swiftmodule /Applications/Xcode.app/Contents/Developer/Toolchains/XcodeDefault.xctoolchain/usr/lib/swift/macosx/prebuilt-modules/26.0/OSLog.swiftmodule/arm64e-apple-macos.swiftmodule /Applications/Xcode.app/Contents/Developer/Toolchains/XcodeDefault.xctoolchain/usr/lib/swift/macosx/prebuilt-modules/26.0/System.swiftmodule/arm64e-apple-macos.swiftmodule /Applications/Xcode.app/Contents/Developer/Toolchains/XcodeDefault.xctoolchain/usr/lib/swift/macosx/prebuilt-modules/26.0/CoreAudio.swiftmodule/arm64e-apple-macos.swiftmodule /Applications/Xcode.app/Contents/Developer/Toolchains/XcodeDefault.xctoolchain/usr/lib/swift/macosx/prebuilt-modules/26.0/_StringProcessing.swiftmodule/arm64e-apple-macos.swiftmodule /Applications/Xcode.app/Contents/Developer/Toolchains/XcodeDefault.xctoolchain/usr/lib/swift/macosx/prebuilt-modules/26.0/CoreFoundation.swiftmodule/arm64e-apple-macos.swiftmodule /Applications/Xcode.app/Contents/Developer/Toolchains/XcodeDefault.xctoolchain/usr/lib/swift/macosx/prebuilt-modules/26.0/_DarwinFoundation1.swiftmodule/arm64e-apple-macos.swiftmodule /Applications/Xcode.app/Contents/Developer/Toolchains/XcodeDefault.xctoolchain/usr/lib/swift/macosx/prebuilt-modules/26.0/SwiftUICore.swiftmodule/arm64e-apple-macos.swiftmodule /Applications/Xcode.app/Contents/Developer/Toolchains/XcodeDefault.xctoolchain/usr/lib/swift/macosx/prebuilt-modules/26.0/QuartzCore.swiftmodule/arm64e-apple-macos.swiftmodule /Applications/Xcode.app/Contents/Developer/Toolchains/XcodeDefault.xctoolchain/usr/lib/swift/macosx/prebuilt-modules/26.0/Spatial.swiftmodule/arm64e-apple-macos.swiftmodule /Users/mujeb/mjvoice/build/DerivedData/ModuleCache.noindex/ObjectiveC-E1IR28U0XEV034N239AQ2FT67.pcm /Users/mujeb/mjvoice/build/DerivedData/ModuleCache.noindex/_Builtin_stdatomic-9N6RU4HB6QHMG3QFYYA42HWS5.pcm /Users/mujeb/mjvoice/build/DerivedData/ModuleCache.noindex/UniformTypeIdentifiers-AHC0IB6AGO67VHWOIUTP9ZQU9.pcm /Users/mujeb/mjvoice/build/DerivedData/ModuleCache.noindex/_DarwinFoundation3-2PKL5JGS7XBYNWBHRB096Y9I4.pcm /Users/mujeb/mjvoice/build/DerivedData/ModuleCache.noindex/CoreMedia-1AH10YR64YP9T0M790JL4AZR2.pcm /Users/mujeb/mjvoice/build/DerivedData/ModuleCache.noindex/CoreImage-9BMAB53PO40IXRYF7BNUSUXCG.pcm /Users/mujeb/mjvoice/build/DerivedData/ModuleCache.noindex/ptrauth-634IC503K6KCJICPO9PZCPX5T.pcm /Users/mujeb/mjvoice/build/DerivedData/ModuleCache.noindex/Security-1QBL3LCRFFNZHXWA3PC0Y20IY.pcm /Users/mujeb/mjvoice/build/DerivedData/ModuleCache.noindex/os-C3KRZ5EOSQFVTLFHOFG8TH3UX.pcm /Users/mujeb/mjvoice/build/DerivedData/ModuleCache.noindex/Foundation-DKBUD6INSJZEEDJN645LRIKZ0.pcm /Users/mujeb/mjvoice/build/DerivedData/ModuleCache.noindex/MachO-4U0M9GCPJ6GPLM1WXTGV02FPM.pcm /Users/mujeb/mjvoice/build/DerivedData/ModuleCache.noindex/Accelerate-20F6EGY0R5XGI61XOZUZ53PQO.pcm /Users/mujeb/mjvoice/build/DerivedData/ModuleCache.noindex/Carbon-5SY64ZAIDOPIRROQJHE4BU3Q.pcm /Users/mujeb/mjvoice/build/DerivedData/ModuleCache.noindex/_Builtin_stdint-3B3EB0FU6GZC9ZBNYMC3NLF79.pcm /Users/mujeb/mjvoice/build/DerivedData/ModuleCache.noindex/IOSurface-3KB1CWEC1UDE1BNBRKUJ1Z3W2.pcm /Users/mujeb/mjvoice/build/DerivedData/ModuleCache.noindex/AudioToolbox-AIU8FWP6AD1EZPYFMJ7RJOXUI.pcm /Users/mujeb/mjvoice/build/DerivedData/ModuleCache.noindex/SwiftUICore-B6Z8NDDM0Z5HFHA4A35GGOQOV.pcm /Users/mujeb/mjvoice/build/DerivedData/ModuleCache.noindex/simd-3ELYEHVUREFVLM3VL7L6X6R7G.pcm /Users/mujeb/mjvoice/build/DerivedData/ModuleCache.noindex/Darwin-F3BAWPV5NM8YC3FRJO584EBIS.pcm /Users/mujeb/mjvoice/build/DerivedData/ModuleCache.noindex/_Builtin_intrinsics-1N0ROKV3C0EDNJ9LEI7XAXZ6K.pcm /Users/mujeb/mjvoice/build/DerivedData/ModuleCache.noindex/_DarwinFoundation1-80M0YYMJGTLU327M8GYBWNNNZ.pcm /Users/mujeb/mjvoice/build/DerivedData/ModuleCache.noindex/CoreText-U4NBKZ6APNKI3I5EKZ55NV1Y.pcm /Users/mujeb/mjvoice/build/DerivedData/ModuleCache.noindex/_Builtin_stdbool-2H6E88MGAK2M5SIEYFLEOYKO9.pcm /Users/mujeb/mjvoice/build/DerivedData/ModuleCache.noindex/CoreGraphics-8QWFN2WGBMMETCBAN7WCV3WW2.pcm /Users/mujeb/mjvoice/build/DerivedData/ModuleCache.noindex/_Builtin_limits-4QW1LIV0NB31KK6Q5VEACAEGX.pcm /Users/mujeb/mjvoice/build/DerivedData/ModuleCache.noindex/sys_types-DKTIL8R6G580W5C4EBRBJ7WNM.pcm /Users/mujeb/mjvoice/build/DerivedData/ModuleCache.noindex/CoreAudioTypes-39T4G75E5YNJ5TTJXI9TFMWA8.pcm /Users/mujeb/mjvoice/build/DerivedData/ModuleCache.noindex/libDER-340F07R0MB8FPUYJ3TAT5T4SL.pcm /Users/mujeb/mjvoice/build/DerivedData/ModuleCache.noindex/os_object-4KC8PLHX78RV9F7B3RMHVIYXZ.pcm /Users/mujeb/mjvoice/build/DerivedData/ModuleCache.noindex/_Builtin_stddef-4WGD0IJKZDP75E2NMCTC4QMI5.pcm /Users/mujeb/mjvoice/build/DerivedData/ModuleCache.noindex/Metal-569PGQA9WZC7QJC4NITCPTZWG.pcm /Users/mujeb/mjvoice/build/DerivedData/ModuleCache.noindex/DeveloperToolsSupport-92G46MVXC5H5YRJYM47AL72P7.pcm /Users/mujeb/mjvoice/build/DerivedData/ModuleCache.noindex/Symbols-34MWYD9J9IOZDFA8LSNXXKSMD.pcm /Users/mujeb/mjvoice/build/DerivedData/ModuleCache.noindex/Dispatch-7KMX27U55BYZS740Y9N4B6G0N.pcm /Users/mujeb/mjvoice/build/DerivedData/ModuleCache.noindex/OpenGL-2BUDIL0V57UCYWUMIKQA4SUIR.pcm /Users/mujeb/mjvoice/build/DerivedData/ModuleCache.noindex/XPC-DIGUH6H7SVSH6AIQGO3SD577E.pcm /Users/mujeb/mjvoice/build/DerivedData/ModuleCache.noindex/os_workgroup-BTSA087U1PMZAU1DXGKVJA6YT.pcm /Users/mujeb/mjvoice/build/DerivedData/ModuleCache.noindex/MediaToolbox-4TP51EDLKQ5QEB1UX1LF8DL1F.pcm /Users/mujeb/mjvoice/build/DerivedData/ModuleCache.noindex/SwiftUI-6KJIL4OXTQK29LBXT25OU7FMF.pcm /Users/mujeb/mjvoice/build/DerivedData/ModuleCache.noindex/ImageIO-6ST0YNKYFJAL75AZL2PLBFGI8.pcm /Users/mujeb/mjvoice/build/DerivedData/ModuleCache.noindex/ptrcheck-C4TFV01BMNMUAU877AK52Q2TC.pcm /Users/mujeb/mjvoice/build/DerivedData/ModuleCache.noindex/CoreMIDI-B14FX2JTOF062U7HH0GDESNXY.pcm /Users/mujeb/mjvoice/build/DerivedData/ModuleCache.noindex/AVFAudio-BQ5TX8STODF246XNV1D3W595Z.pcm /Users/mujeb/mjvoice/build/DerivedData/ModuleCache.noindex/SwiftShims-9AFF5FKFROK3N9BC2EMCT4QJ.pcm /Users/mujeb/mjvoice/build/DerivedData/ModuleCache.noindex/QuartzCore-82RS21K8MLT39MDEQOHR3ZQLI.pcm /Users/mujeb/mjvoice/build/DerivedData/ModuleCache.noindex/_DarwinFoundation2-F1CMK5BPNDGFX4WE1LZO9C57I.pcm /Users/mujeb/mjvoice/build/DerivedData/ModuleCache.noindex/CoreData-2D844X7PD8R2LK6GM2EEDLXLH.pcm /Users/mujeb/mjvoice/build/DerivedData/ModuleCache.noindex/Cocoa-1WLE2JP24W3BTEI4UOJC6LU39.pcm /Users/mujeb/mjvoice/build/DerivedData/ModuleCache.noindex/DataDetection-3DJMXF5ZHW2TCP406V8DQMXI3.pcm /Users/mujeb/mjvoice/build/DerivedData/ModuleCache.noindex/AVFoundation-1B84CKMUN0MN1VH38Z2EYAZL4.pcm /Users/mujeb/mjvoice/build/DerivedData/ModuleCache.noindex/_SwiftConcurrencyShims-73DZRPX37DJFV7CD4OBWT7M2W.pcm /Users/mujeb/mjvoice/build/DerivedData/ModuleCache.noindex/Accessibility-1K71FF4F1TQC8DQRXAJFTQK9Z.pcm /Users/mujeb/mjvoice/build/DerivedData/ModuleCache.noindex/_Builtin_float-7TPL1N85763FL4KMHSMFP0UCZ.pcm /Users/mujeb/mjvoice/build/DerivedData/ModuleCache.noindex/_Builtin_inttypes-EW9PGBI8LF9UT6UGD9TO723IX.pcm /Users/mujeb/mjvoice/build/DerivedData/ModuleCache.noindex/libkern-A2UBKWOV9ZLT66W4KLOQJ4KKW.pcm /Users/mujeb/mjvoice/build/DerivedData/ModuleCache.noindex/_Builtin_tgmath-6HTZSE350M51FLB1TZ8N8AYN5.pcm /Users/mujeb/mjvoice/build/DerivedData/ModuleCache.noindex/CoreServices-88MO365BGPU8YTYSZH7CP6Z5E.pcm /Users/mujeb/mjvoice/build/DerivedData/ModuleCache.noindex/CoreVideo-ERXYRY4XUUEIH01G5VW6WIE0P.pcm /Users/mujeb/mjvoice/build/DerivedData/ModuleCache.noindex/_Builtin_stdarg-CV15JI3DNVMX54PPPDAB6OAXB.pcm /Users/mujeb/mjvoice/build/DerivedData/ModuleCache.noindex/AppKit-AORWXFO485545QIRBHCCCJTQL.pcm /Users/mujeb/mjvoice/build/DerivedData/ModuleCache.noindex/OSLog-3ZPQ0LT2UB2RTS9IO9SIYZAR0.pcm /Users/mujeb/mjvoice/build/DerivedData/ModuleCache.noindex/ColorSync-47BXGEUB501QOMZZDPLF7H5VB.pcm /Users/mujeb/mjvoice/build/DerivedData/ModuleCache.noindex/CoreFoundation-DF2A8SHVJST7ATEIMSSLHKCON.pcm /Users/mujeb/mjvoice/build/DerivedData/ModuleCache.noindex/CoreTransferable-95SK3U42YLF6P8JPY2Q802KKR.pcm /Users/mujeb/mjvoice/build/DerivedData/ModuleCache.noindex/CoreAudio-1XBLJ73LOWW5H0E42XWM90ST9.pcm /Users/mujeb/mjvoice/build/DerivedData/ModuleCache.noindex/DiskArbitration-EYWMQCSF16PG3BWQHI63L6I2W.pcm /Users/mujeb/mjvoice/build/DerivedData/ModuleCache.noindex/launch-7RFKF9YNBBT8O98Q59S2UWKZQ.pcm /Users/mujeb/mjvoice/build/DerivedData/ModuleCache.noindex/IOKit-27W64XCOXBKBQ01VXMKCJFYGT.pcm /Users/mujeb/mjvoice/build/DerivedData/ModuleCache.noindex/_AvailabilityInternal-F0V8OAF3Q1E1O3FEJQDZ602BV.pcm /Users/mujeb/mjvoice/build/DerivedData/ModuleCache.noindex/CUPS-CWCQIM254AAKQBH54KJ688Z7T.pcm /Users/mujeb/mjvoice/build/DerivedData/ModuleCache.noindex/CFNetwork-6HLXFY4D5R3L59HU3J9JEJ67Z.pcm /Users/mujeb/mjvoice/build/DerivedData/ModuleCache.noindex/ApplicationServices-9029T7XYBZXFE5D3DW9IEJTJ3.pcm /Users/mujeb/mjvoice/build/DerivedData/ModuleCache.noindex/Spatial-3FQBFYO0QR1M3FP3YWINICW6X.pcm /Users/mujeb/mjvoice/build/DerivedData/Build/Intermediates.noindex/mjvoice.build/Release/mjvoice.build/Objects-normal/arm64/mjvoice-dependencies-1.json (in target 'mjvoice' from project 'mjvoice')

CompileSwift normal arm64 (in target 'mjvoice' from project 'mjvoice')
    cd /Users/mujeb/mjvoice
    
/Users/mujeb/mjvoice/Shared/Utilities/BatteryThermalMonitor.swift:23:77: warning: conditional cast from 'CFArray' to '[CFTypeRef]' (aka 'Array<AnyObject>') always succeeds
        if let sources = IOPSCopyPowerSourcesList(blob).takeRetainedValue() as? [CFTypeRef], let source = sources.first {
                                                                            ^
/Users/mujeb/mjvoice/mjvoice/GlobalHotkey.swift:28:13: warning: variable 'hotKeyID' was never mutated; consider changing to 'let' constant
        var hotKeyID = EventHotKeyID(signature: fourCharCode("mjvo"), id: 1)
        ~~~ ^
        let
/Users/mujeb/mjvoice/mjvoice/GlobalHotkey.swift:42:13: warning: variable 'eventType' was never mutated; consider changing to 'let' constant
        var eventType = EventTypeSpec(eventClass: OSType(kEventClassKeyboard), eventKind: UInt32(kEventHotKeyPressed))
        ~~~ ^
        let
/Users/mujeb/mjvoice/mjvoice/GlobalHotkey.swift:43:13: warning: variable 'eventType2' was never mutated; consider changing to 'let' constant
        var eventType2 = EventTypeSpec(eventClass: OSType(kEventClassKeyboard), eventKind: UInt32(kEventHotKeyReleased))
        ~~~ ^
        let
/Users/mujeb/mjvoice/mjvoice/GlobalHotkey.swift:58:13: warning: variable 'hotKeyID' was never mutated; consider changing to 'let' constant
        var hotKeyID = EventHotKeyID(signature: fourCharCode("mjvo"), id: 1)
        ~~~ ^
        let
/Users/mujeb/mjvoice/mjvoice/Accessibility/SecureInputMonitor.swift:31:20: warning: 'IOMasterPort' was deprecated in macOS 12.0: renamed to 'kIOMainPortDefault'
        let kerr = IOMasterPort(mach_port_t(MACH_PORT_NULL), &masterPort)
                   ^
/Users/mujeb/mjvoice/mjvoice/Accessibility/SecureInputMonitor.swift:31:20: note: use 'kIOMainPortDefault' instead
        let kerr = IOMasterPort(mach_port_t(MACH_PORT_NULL), &masterPort)
                   ^~~~~~~~~~~~
                   kIOMainPortDefault
/Users/mujeb/mjvoice/mjvoice/Accessibility/TextInserter.swift:31:13: warning: variable 'newString' was never mutated; consider changing to 'let' constant
        var newString: CFString = text as CFString
        ~~~ ^
        let

SwiftDriverJobDiscovery normal arm64 Compiling ASRClient.swift, ASRServiceProtocol.swift, AppDelegate.swift, AudioEngine.swift, AudioVADServiceProtocol.swift, BatteryThermalMonitor.swift, GlobalHotkey.swift, LLMServiceProtocol.swift, Logger.swift, MainApp.swift, MenuBarController.swift, MicHUDView.swift, MicHUDWindow.swift, NotesWindow.swift, OnboardingView.swift, PerformanceMetrics.swift, Preferences.swift, PreferencesView.swift, SecureInputMonitor.swift, TextFormatter.swift, TextInserter.swift, VAD.swift, XPCConnectionFactory.swift, GeneratedAssetSymbols.swift (in target 'mjvoice' from project 'mjvoice')

SwiftDriver\ Compilation\ Requirements mjvoice normal arm64 com.apple.xcode.tools.swift.compiler (in target 'mjvoice' from project 'mjvoice')
    cd /Users/mujeb/mjvoice
    builtin-Swift-Compilation-Requirements -- /Applications/Xcode.app/Contents/Developer/Toolchains/XcodeDefault.xctoolchain/usr/bin/swiftc -module-name mjvoice -O -whole-module-optimization -enforce-exclusivity\=checked @/Users/mujeb/mjvoice/build/DerivedData/Build/Intermediates.noindex/mjvoice.build/Release/mjvoice.build/Objects-normal/arm64/mjvoice.SwiftFileList -enable-bare-slash-regex -enable-experimental-feature DebugDescriptionMacro -sdk /Applications/Xcode.app/Contents/Developer/Platforms/MacOSX.platform/Developer/SDKs/MacOSX26.0.sdk -target arm64-apple-macos13.0 -g -module-cache-path /Users/mujeb/mjvoice/build/DerivedData/ModuleCache.noindex -Xfrontend -serialize-debugging-options -swift-version 5 -I /Users/mujeb/mjvoice/build/DerivedData/Build/Products/Release -F /Users/mujeb/mjvoice/build/DerivedData/Build/Products/Release/PackageFrameworks -F /Users/mujeb/mjvoice/build/DerivedData/Build/Products/Release/PackageFrameworks -F /Users/mujeb/mjvoice/build/DerivedData/Build/Products/Release/PackageFrameworks -F /Users/mujeb/mjvoice/build/DerivedData/Build/Products/Release/PackageFrameworks -F /Users/mujeb/mjvoice/build/DerivedData/Build/Products/Release/PackageFrameworks -F /Users/mujeb/mjvoice/build/DerivedData/Build/Products/Release/PackageFrameworks -F /Users/mujeb/mjvoice/build/DerivedData/Build/Products/Release/PackageFrameworks -F /Users/mujeb/mjvoice/build/DerivedData/Build/Products/Release/PackageFrameworks -F /Users/mujeb/mjvoice/build/DerivedData/Build/Products/Release/PackageFrameworks -F /Users/mujeb/mjvoice/build/DerivedData/Build/Products/Release -c -num-threads 11 -Xcc -ivfsstatcache -Xcc /Users/mujeb/mjvoice/build/DerivedData/SDKStatCaches.noindex/macosx26.0-25A352-28806144b0707e398aac92880fa50324.sdkstatcache -output-file-map /Users/mujeb/mjvoice/build/DerivedData/Build/Intermediates.noindex/mjvoice.build/Release/mjvoice.build/Objects-normal/arm64/mjvoice-OutputFileMap.json -use-frontend-parseable-output -save-temps -no-color-diagnostics -explicit-module-build -module-cache-path /Users/mujeb/mjvoice/build/DerivedData/Build/Intermediates.noindex/SwiftExplicitPrecompiledModules -clang-scanner-module-cache-path /Users/mujeb/mjvoice/build/DerivedData/ModuleCache.noindex -sdk-module-cache-path /Users/mujeb/mjvoice/build/DerivedData/ModuleCache.noindex -serialize-diagnostics -emit-dependencies -emit-module -emit-module-path /Users/mujeb/mjvoice/build/DerivedData/Build/Intermediates.noindex/mjvoice.build/Release/mjvoice.build/Objects-normal/arm64/mjvoice.swiftmodule -validate-clang-modules-once -clang-build-session-file /Users/mujeb/mjvoice/build/DerivedData/ModuleCache.noindex/Session.modulevalidation -Xcc -I/Users/mujeb/mjvoice/build/DerivedData/Build/Intermediates.noindex/mjvoice.build/Release/mjvoice.build/swift-overrides.hmap -emit-const-values -Xfrontend -const-gather-protocols-file -Xfrontend /Users/mujeb/mjvoice/build/DerivedData/Build/Intermediates.noindex/mjvoice.build/Release/mjvoice.build/Objects-normal/arm64/mjvoice_const_extract_protocols.json -Xcc -iquote -Xcc /Users/mujeb/mjvoice/build/DerivedData/Build/Intermediates.noindex/mjvoice.build/Release/mjvoice.build/mjvoice-generated-files.hmap -Xcc -I/Users/mujeb/mjvoice/build/DerivedData/Build/Intermediates.noindex/mjvoice.build/Release/mjvoice.build/mjvoice-own-target-headers.hmap -Xcc -I/Users/mujeb/mjvoice/build/DerivedData/Build/Intermediates.noindex/mjvoice.build/Release/mjvoice.build/mjvoice-all-non-framework-target-headers.hmap -Xcc -ivfsoverlay -Xcc /Users/mujeb/mjvoice/build/DerivedData/Build/Intermediates.noindex/mjvoice.build/Release/mjvoice-9270e2de54147fe13166be52632b563a-VFS/all-product-headers.yaml -Xcc -iquote -Xcc /Users/mujeb/mjvoice/build/DerivedData/Build/Intermediates.noindex/mjvoice.build/Release/mjvoice.build/mjvoice-project-headers.hmap -Xcc -I/Users/mujeb/mjvoice/build/DerivedData/Build/Products/Release/include -Xcc -I/Users/mujeb/mjvoice/build/DerivedData/Build/Intermediates.noindex/mjvoice.build/Release/mjvoice.build/DerivedSources-normal/arm64 -Xcc -I/Users/mujeb/mjvoice/build/DerivedData/Build/Intermediates.noindex/mjvoice.build/Release/mjvoice.build/DerivedSources/arm64 -Xcc -I/Users/mujeb/mjvoice/build/DerivedData/Build/Intermediates.noindex/mjvoice.build/Release/mjvoice.build/DerivedSources -emit-objc-header -emit-objc-header-path /Users/mujeb/mjvoice/build/DerivedData/Build/Intermediates.noindex/mjvoice.build/Release/mjvoice.build/Objects-normal/arm64/mjvoice-Swift.h -working-directory /Users/mujeb/mjvoice -no-emit-module-separately-wmo

ProcessInfoPlistFile /Users/mujeb/mjvoice/build/DerivedData/Build/Products/Release/swift-transformers_Hub.bundle/Contents/Info.plist /Users/mujeb/mjvoice/build/DerivedData/Build/Intermediates.noindex/swift-transformers.build/Release/swift-transformers_Hub.build/empty-swift-transformers_Hub.plist (in target 'swift-transformers_Hub' from project 'swift-transformers')
    cd /Users/mujeb/mjvoice/build/DerivedData/SourcePackages/checkouts/swift-transformers
    builtin-infoPlistUtility /Users/mujeb/mjvoice/build/DerivedData/Build/Intermediates.noindex/swift-transformers.build/Release/swift-transformers_Hub.build/empty-swift-transformers_Hub.plist -producttype com.apple.product-type.bundle -expandbuildsettings -platform macosx -o /Users/mujeb/mjvoice/build/DerivedData/Build/Products/Release/swift-transformers_Hub.bundle/Contents/Info.plist

CompileAssetCatalogVariant thinned /Users/mujeb/mjvoice/build/DerivedData/Build/Products/Release/mjvoice.app/Contents/Resources /Users/mujeb/mjvoice/Shared/Assets.xcassets (in target 'mjvoice' from project 'mjvoice')
    cd /Users/mujeb/mjvoice
    /Applications/Xcode.app/Contents/Developer/usr/bin/actool /Users/mujeb/mjvoice/Shared/Assets.xcassets --compile /Users/mujeb/mjvoice/build/DerivedData/Build/Intermediates.noindex/mjvoice.build/Release/mjvoice.build/assetcatalog_output/thinned --output-format human-readable-text --notices --warnings --export-dependency-info /Users/mujeb/mjvoice/build/DerivedData/Build/Intermediates.noindex/mjvoice.build/Release/mjvoice.build/assetcatalog_dependencies_thinned --output-partial-info-plist /Users/mujeb/mjvoice/build/DerivedData/Build/Intermediates.noindex/mjvoice.build/Release/mjvoice.build/assetcatalog_generated_info.plist_thinned --app-icon AppIcon --enable-on-demand-resources NO --development-region en --target-device mac --minimum-deployment-target 13.0 --platform macosx
/* com.apple.actool.compilation-results */
/Users/mujeb/mjvoice/build/DerivedData/Build/Intermediates.noindex/mjvoice.build/Release/mjvoice.build/assetcatalog_generated_info.plist_thinned
/Users/mujeb/mjvoice/build/DerivedData/Build/Intermediates.noindex/mjvoice.build/Release/mjvoice.build/assetcatalog_output/thinned/AppIcon.icns
/Users/mujeb/mjvoice/build/DerivedData/Build/Intermediates.noindex/mjvoice.build/Release/mjvoice.build/assetcatalog_output/thinned/Assets.car


SwiftDriver\ Compilation mjvoice normal arm64 com.apple.xcode.tools.swift.compiler (in target 'mjvoice' from project 'mjvoice')
    cd /Users/mujeb/mjvoice
    builtin-Swift-Compilation -- /Applications/Xcode.app/Contents/Developer/Toolchains/XcodeDefault.xctoolchain/usr/bin/swiftc -module-name mjvoice -O -whole-module-optimization -enforce-exclusivity\=checked @/Users/mujeb/mjvoice/build/DerivedData/Build/Intermediates.noindex/mjvoice.build/Release/mjvoice.build/Objects-normal/arm64/mjvoice.SwiftFileList -enable-bare-slash-regex -enable-experimental-feature DebugDescriptionMacro -sdk /Applications/Xcode.app/Contents/Developer/Platforms/MacOSX.platform/Developer/SDKs/MacOSX26.0.sdk -target arm64-apple-macos13.0 -g -module-cache-path /Users/mujeb/mjvoice/build/DerivedData/ModuleCache.noindex -Xfrontend -serialize-debugging-options -swift-version 5 -I /Users/mujeb/mjvoice/build/DerivedData/Build/Products/Release -F /Users/mujeb/mjvoice/build/DerivedData/Build/Products/Release/PackageFrameworks -F /Users/mujeb/mjvoice/build/DerivedData/Build/Products/Release/PackageFrameworks -F /Users/mujeb/mjvoice/build/DerivedData/Build/Products/Release/PackageFrameworks -F /Users/mujeb/mjvoice/build/DerivedData/Build/Products/Release/PackageFrameworks -F /Users/mujeb/mjvoice/build/DerivedData/Build/Products/Release/PackageFrameworks -F /Users/mujeb/mjvoice/build/DerivedData/Build/Products/Release/PackageFrameworks -F /Users/mujeb/mjvoice/build/DerivedData/Build/Products/Release/PackageFrameworks -F /Users/mujeb/mjvoice/build/DerivedData/Build/Products/Release/PackageFrameworks -F /Users/mujeb/mjvoice/build/DerivedData/Build/Products/Release/PackageFrameworks -F /Users/mujeb/mjvoice/build/DerivedData/Build/Products/Release -c -num-threads 11 -Xcc -ivfsstatcache -Xcc /Users/mujeb/mjvoice/build/DerivedData/SDKStatCaches.noindex/macosx26.0-25A352-28806144b0707e398aac92880fa50324.sdkstatcache -output-file-map /Users/mujeb/mjvoice/build/DerivedData/Build/Intermediates.noindex/mjvoice.build/Release/mjvoice.build/Objects-normal/arm64/mjvoice-OutputFileMap.json -use-frontend-parseable-output -save-temps -no-color-diagnostics -explicit-module-build -module-cache-path /Users/mujeb/mjvoice/build/DerivedData/Build/Intermediates.noindex/SwiftExplicitPrecompiledModules -clang-scanner-module-cache-path /Users/mujeb/mjvoice/build/DerivedData/ModuleCache.noindex -sdk-module-cache-path /Users/mujeb/mjvoice/build/DerivedData/ModuleCache.noindex -serialize-diagnostics -emit-dependencies -emit-module -emit-module-path /Users/mujeb/mjvoice/build/DerivedData/Build/Intermediates.noindex/mjvoice.build/Release/mjvoice.build/Objects-normal/arm64/mjvoice.swiftmodule -validate-clang-modules-once -clang-build-session-file /Users/mujeb/mjvoice/build/DerivedData/ModuleCache.noindex/Session.modulevalidation -Xcc -I/Users/mujeb/mjvoice/build/DerivedData/Build/Intermediates.noindex/mjvoice.build/Release/mjvoice.build/swift-overrides.hmap -emit-const-values -Xfrontend -const-gather-protocols-file -Xfrontend /Users/mujeb/mjvoice/build/DerivedData/Build/Intermediates.noindex/mjvoice.build/Release/mjvoice.build/Objects-normal/arm64/mjvoice_const_extract_protocols.json -Xcc -iquote -Xcc /Users/mujeb/mjvoice/build/DerivedData/Build/Intermediates.noindex/mjvoice.build/Release/mjvoice.build/mjvoice-generated-files.hmap -Xcc -I/Users/mujeb/mjvoice/build/DerivedData/Build/Intermediates.noindex/mjvoice.build/Release/mjvoice.build/mjvoice-own-target-headers.hmap -Xcc -I/Users/mujeb/mjvoice/build/DerivedData/Build/Intermediates.noindex/mjvoice.build/Release/mjvoice.build/mjvoice-all-non-framework-target-headers.hmap -Xcc -ivfsoverlay -Xcc /Users/mujeb/mjvoice/build/DerivedData/Build/Intermediates.noindex/mjvoice.build/Release/mjvoice-9270e2de54147fe13166be52632b563a-VFS/all-product-headers.yaml -Xcc -iquote -Xcc /Users/mujeb/mjvoice/build/DerivedData/Build/Intermediates.noindex/mjvoice.build/Release/mjvoice.build/mjvoice-project-headers.hmap -Xcc -I/Users/mujeb/mjvoice/build/DerivedData/Build/Products/Release/include -Xcc -I/Users/mujeb/mjvoice/build/DerivedData/Build/Intermediates.noindex/mjvoice.build/Release/mjvoice.build/DerivedSources-normal/arm64 -Xcc -I/Users/mujeb/mjvoice/build/DerivedData/Build/Intermediates.noindex/mjvoice.build/Release/mjvoice.build/DerivedSources/arm64 -Xcc -I/Users/mujeb/mjvoice/build/DerivedData/Build/Intermediates.noindex/mjvoice.build/Release/mjvoice.build/DerivedSources -emit-objc-header -emit-objc-header-path /Users/mujeb/mjvoice/build/DerivedData/Build/Intermediates.noindex/mjvoice.build/Release/mjvoice.build/Objects-normal/arm64/mjvoice-Swift.h -working-directory /Users/mujeb/mjvoice -no-emit-module-separately-wmo

Copy /Users/mujeb/mjvoice/build/DerivedData/Build/Products/Release/mjvoice.swiftmodule/arm64-apple-macos.abi.json /Users/mujeb/mjvoice/build/DerivedData/Build/Intermediates.noindex/mjvoice.build/Release/mjvoice.build/Objects-normal/arm64/mjvoice.abi.json (in target 'mjvoice' from project 'mjvoice')
    cd /Users/mujeb/mjvoice
    builtin-copy -exclude .DS_Store -exclude CVS -exclude .svn -exclude .git -exclude .hg -resolve-src-symlinks -rename /Users/mujeb/mjvoice/build/DerivedData/Build/Intermediates.noindex/mjvoice.build/Release/mjvoice.build/Objects-normal/arm64/mjvoice.abi.json /Users/mujeb/mjvoice/build/DerivedData/Build/Products/Release/mjvoice.swiftmodule/arm64-apple-macos.abi.json

Copy /Users/mujeb/mjvoice/build/DerivedData/Build/Products/Release/mjvoice.swiftmodule/Project/arm64-apple-macos.swiftsourceinfo /Users/mujeb/mjvoice/build/DerivedData/Build/Intermediates.noindex/mjvoice.build/Release/mjvoice.build/Objects-normal/arm64/mjvoice.swiftsourceinfo (in target 'mjvoice' from project 'mjvoice')
    cd /Users/mujeb/mjvoice
    builtin-copy -exclude .DS_Store -exclude CVS -exclude .svn -exclude .git -exclude .hg -resolve-src-symlinks -rename /Users/mujeb/mjvoice/build/DerivedData/Build/Intermediates.noindex/mjvoice.build/Release/mjvoice.build/Objects-normal/arm64/mjvoice.swiftsourceinfo /Users/mujeb/mjvoice/build/DerivedData/Build/Products/Release/mjvoice.swiftmodule/Project/arm64-apple-macos.swiftsourceinfo

LinkAssetCatalog /Users/mujeb/mjvoice/Shared/Assets.xcassets (in target 'mjvoice' from project 'mjvoice')
    cd /Users/mujeb/mjvoice
    builtin-linkAssetCatalog --thinned /Users/mujeb/mjvoice/build/DerivedData/Build/Intermediates.noindex/mjvoice.build/Release/mjvoice.build/assetcatalog_output/thinned --thinned-dependencies /Users/mujeb/mjvoice/build/DerivedData/Build/Intermediates.noindex/mjvoice.build/Release/mjvoice.build/assetcatalog_dependencies_thinned --thinned-info-plist-content /Users/mujeb/mjvoice/build/DerivedData/Build/Intermediates.noindex/mjvoice.build/Release/mjvoice.build/assetcatalog_generated_info.plist_thinned --unthinned /Users/mujeb/mjvoice/build/DerivedData/Build/Intermediates.noindex/mjvoice.build/Release/mjvoice.build/assetcatalog_output/unthinned --unthinned-dependencies /Users/mujeb/mjvoice/build/DerivedData/Build/Intermediates.noindex/mjvoice.build/Release/mjvoice.build/assetcatalog_dependencies_unthinned --unthinned-info-plist-content /Users/mujeb/mjvoice/build/DerivedData/Build/Intermediates.noindex/mjvoice.build/Release/mjvoice.build/assetcatalog_generated_info.plist_unthinned --output /Users/mujeb/mjvoice/build/DerivedData/Build/Products/Release/mjvoice.app/Contents/Resources --plist-output /Users/mujeb/mjvoice/build/DerivedData/Build/Intermediates.noindex/mjvoice.build/Release/mjvoice.build/assetcatalog_generated_info.plist
note: Emplaced /Users/mujeb/mjvoice/build/DerivedData/Build/Products/Release/mjvoice.app/Contents/Resources/AppIcon.icns (in target 'mjvoice' from project 'mjvoice')
note: Emplaced /Users/mujeb/mjvoice/build/DerivedData/Build/Products/Release/mjvoice.app/Contents/Resources/Assets.car (in target 'mjvoice' from project 'mjvoice')

CopySwiftLibs /Users/mujeb/mjvoice/build/DerivedData/Build/Products/Release/mjvoice.app (in target 'mjvoice' from project 'mjvoice')
    cd /Users/mujeb/mjvoice
    builtin-swiftStdLibTool --copy --verbose --sign - --scan-executable /Users/mujeb/mjvoice/build/DerivedData/Build/Products/Release/mjvoice.app/Contents/MacOS/mjvoice --scan-folder /Users/mujeb/mjvoice/build/DerivedData/Build/Products/Release/mjvoice.app/Contents/Frameworks --scan-folder /Users/mujeb/mjvoice/build/DerivedData/Build/Products/Release/mjvoice.app/Contents/PlugIns --scan-folder /Users/mujeb/mjvoice/build/DerivedData/Build/Products/Release/mjvoice.app/Contents/Library/SystemExtensions --scan-folder /Users/mujeb/mjvoice/build/DerivedData/Build/Products/Release/mjvoice.app/Contents/Extensions --platform macosx --toolchain /Applications/Xcode.app/Contents/Developer/Toolchains/XcodeDefault.xctoolchain --destination /Users/mujeb/mjvoice/build/DerivedData/Build/Products/Release/mjvoice.app/Contents/Frameworks --strip-bitcode --strip-bitcode-tool /Applications/Xcode.app/Contents/Developer/Toolchains/XcodeDefault.xctoolchain/usr/bin/bitcode_strip --emit-dependency-info /Users/mujeb/mjvoice/build/DerivedData/Build/Intermediates.noindex/mjvoice.build/Release/mjvoice.build/SwiftStdLibToolInputDependencies.dep --filter-for-swift-os --back-deploy-swift-span

Copy /Users/mujeb/mjvoice/build/DerivedData/Build/Products/Release/mjvoice.app/Contents/Resources/swift-transformers_Hub.bundle /Users/mujeb/mjvoice/build/DerivedData/Build/Products/Release/swift-transformers_Hub.bundle (in target 'mjvoice' from project 'mjvoice')
    cd /Users/mujeb/mjvoice
    builtin-copy -exclude .DS_Store -exclude CVS -exclude .svn -exclude .git -exclude .hg -resolve-src-symlinks /Users/mujeb/mjvoice/build/DerivedData/Build/Products/Release/swift-transformers_Hub.bundle /Users/mujeb/mjvoice/build/DerivedData/Build/Products/Release/mjvoice.app/Contents/Resources

ProcessInfoPlistFile /Users/mujeb/mjvoice/build/DerivedData/Build/Products/Release/mjvoice.app/Contents/Info.plist /Users/mujeb/mjvoice/mjvoice/Info.plist (in target 'mjvoice' from project 'mjvoice')
    cd /Users/mujeb/mjvoice
    builtin-infoPlistUtility /Users/mujeb/mjvoice/mjvoice/Info.plist -producttype com.apple.product-type.application -genpkginfo /Users/mujeb/mjvoice/build/DerivedData/Build/Products/Release/mjvoice.app/Contents/PkgInfo -expandbuildsettings -platform macosx -additionalcontentfile /Users/mujeb/mjvoice/build/DerivedData/Build/Intermediates.noindex/mjvoice.build/Release/mjvoice.build/assetcatalog_generated_info.plist -scanforprivacyfile /Users/mujeb/mjvoice/build/DerivedData/Build/Products/Release/mjvoice.app/Contents/Resources/swift-transformers_Hub.bundle -o /Users/mujeb/mjvoice/build/DerivedData/Build/Products/Release/mjvoice.app/Contents/Info.plist

GenerateDSYMFile /Users/mujeb/mjvoice/build/DerivedData/Build/Products/Release/mjvoice.app.dSYM /Users/mujeb/mjvoice/build/DerivedData/Build/Products/Release/mjvoice.app/Contents/MacOS/mjvoice (in target 'mjvoice' from project 'mjvoice')
    cd /Users/mujeb/mjvoice
    /Applications/Xcode.app/Contents/Developer/Toolchains/XcodeDefault.xctoolchain/usr/bin/dsymutil /Users/mujeb/mjvoice/build/DerivedData/Build/Products/Release/mjvoice.app/Contents/MacOS/mjvoice -o /Users/mujeb/mjvoice/build/DerivedData/Build/Products/Release/mjvoice.app.dSYM

CodeSign /Users/mujeb/mjvoice/build/DerivedData/Build/Products/Release/mjvoice.app (in target 'mjvoice' from project 'mjvoice')
    cd /Users/mujeb/mjvoice
    
    Signing Identity:     "Sign to Run Locally"
    
    /usr/bin/codesign --force --sign - --entitlements /Users/mujeb/mjvoice/build/DerivedData/Build/Intermediates.noindex/mjvoice.build/Release/mjvoice.build/mjvoice.app.xcent --timestamp\=none --generate-entitlement-der /Users/mujeb/mjvoice/build/DerivedData/Build/Products/Release/mjvoice.app
/Users/mujeb/mjvoice/build/DerivedData/Build/Products/Release/mjvoice.app: replacing existing signature

Validate /Users/mujeb/mjvoice/build/DerivedData/Build/Products/Release/mjvoice.app (in target 'mjvoice' from project 'mjvoice')
    cd /Users/mujeb/mjvoice
    builtin-validationUtility /Users/mujeb/mjvoice/build/DerivedData/Build/Products/Release/mjvoice.app -no-validate-extension -infoplist-subpath Contents/Info.plist

RegisterWithLaunchServices /Users/mujeb/mjvoice/build/DerivedData/Build/Products/Release/mjvoice.app (in target 'mjvoice' from project 'mjvoice')
    cd /Users/mujeb/mjvoice
    /System/Library/Frameworks/CoreServices.framework/Versions/Current/Frameworks/LaunchServices.framework/Versions/Current/Support/lsregister -f -R -trusted /Users/mujeb/mjvoice/build/DerivedData/Build/Products/Release/mjvoice.app

** BUILD SUCCEEDED **

